
> newapp@0.1.0 start /Users/natedeazy/projects/urlSelector/client
> react-scripts start

Starting the development server...

Compiled with warnings.

./src/App.js
  Line 2:  'logo' is defined but never used  no-unused-vars

Search for the keywords to learn more about each warning.
To ignore, add // eslint-disable-next-line to the line before.

Proxy error: Could not proxy request /api/users from localhost:3000 to http://localhost:3001.
See https://nodejs.org/api/errors.html#errors_common_system_errors for more information (ECONNREFUSED).


> newapp@0.1.0 start /Users/natedeazy/projects/urlSelector/client
> react-scripts start

Starting the development server...


> newapp@0.1.0 start /Users/natedeazy/projects/urlSelector/client
> react-scripts start

Starting the development server...

Compiled with warnings.

./src/App.js
  Line 2:  'logo' is defined but never used  no-unused-vars

Search for the keywords to learn more about each warning.
To ignore, add // eslint-disable-next-line to the line before.

Proxy error: Could not proxy request /api/users from localhost:3000 to http://localhost:3001.
See https://nodejs.org/api/errors.html#errors_common_system_errors for more information (ECONNREFUSED).

